c:\users\og\source\repos\server_a\server_a\x64\debug\vc143.pdb
c:\users\og\source\repos\server_a\server_a\x64\debug\vc143.idb
c:\users\og\source\repos\server_a\server_a\x64\debug\gamesessionmanager.obj
c:\users\og\source\repos\server_a\server_a\x64\debug\gamesession.obj
c:\users\og\source\repos\server_a\server_a\x64\debug\server.obj
c:\users\og\source\repos\server_a\server_a\x64\debug\clientpackethandler.obj
c:\users\og\source\repos\server_a\server_a\x64\debug\struct.pb.obj
c:\users\og\source\repos\server_a\server_a\x64\debug\protocol.pb.obj
c:\users\og\source\repos\server_a\server_a\x64\debug\enum.pb.obj
c:\users\og\source\repos\server_a\server_a\x64\debug\server_a.pch
c:\users\og\source\repos\server_a\server_a\x64\debug\pch.obj
c:\users\og\source\repos\server_a\server_a\x64\debug\roommanager.obj
c:\users\og\source\repos\server_a\server_a\x64\debug\playermanager.obj
c:\users\og\source\repos\server_a\binary\debug\server_a.exe
c:\users\og\source\repos\server_a\binary\debug\server_a.pdb
c:\users\og\source\repos\server_a\server_a\x64\debug\server_a.ilk
c:\users\og\source\repos\server_a\server_a\x64\debug\server_a.tlog\cl.command.1.tlog
c:\users\og\source\repos\server_a\server_a\x64\debug\server_a.tlog\cl.items.tlog
c:\users\og\source\repos\server_a\server_a\x64\debug\server_a.tlog\cl.read.1.tlog
c:\users\og\source\repos\server_a\server_a\x64\debug\server_a.tlog\cl.write.1.tlog
c:\users\og\source\repos\server_a\server_a\x64\debug\server_a.tlog\link.command.1.tlog
c:\users\og\source\repos\server_a\server_a\x64\debug\server_a.tlog\link.read.1.tlog
c:\users\og\source\repos\server_a\server_a\x64\debug\server_a.tlog\link.secondary.1.tlog
c:\users\og\source\repos\server_a\server_a\x64\debug\server_a.tlog\link.write.1.tlog
