빌드 시작: 2024-11-14 오전 2:40:43
로깅의 세부 정보 표시가 Normal(으)로 설정되었습니다.     1>2 노드의 "C:\Users\OG\source\repos\Server_A\ServerCore\ServerCore.vcxproj" 프로젝트(Build 대상)입니다.
     1>PrepareForBuild:
         구조적 출력을 사용할 수 있습니다. 컴파일러 진단의 서식은 오류 계층 구조를 반영합니다. 자세한 내용은 https://aka.ms/cpp/structured-output을 참조하세요.
       InitializeBuildStatus:
         "AlwaysCreate"이(가) 지정되었기 때문에 "x64\Debug\ServerCore.tlog\unsuccessfulbuild"을(를) 만들고 있습니다.
         "x64\Debug\ServerCore.tlog\unsuccessfulbuild"에 연결(touching)하고 있습니다.
       ClCompile:
         모든 출력이 최신 상태입니다.
         G:\visualstudio\VC\Tools\MSVC\14.41.34120\bin\HostX64\x64\CL.exe /c /ZI /JMC /nologo /W3 /WX- /diagnostics:column /sdl /Od /D _DEBUG /D _LIB /D _UNICODE /D UNICODE /Gm- /EHsc /RTC1 /MDd /GS /fp:precise /Zc:wchar_t /Zc:forScope /Zc:inline /permissive- /Yu"pch.h" /Fp"x64\Debug\ServerCore.pch" /Fo"x64\Debug\\" /Fd"C:\Users\OG\source\repos\Server_A\Libraries\Libs\ServerCore\Debug\ServerCore.pdb" /external:W3 /Gd /TP /FC /errorReport:prompt Session.cpp
         Session.cpp
     1>C:\Users\OG\source\repos\Server_A\ServerCore\Session.cpp(108,1): warning C4715: 'Session::RegisterConnect': 모든 제어 경로에서 값을 반환하지는 않습니다.
       Lib:
         G:\visualstudio\VC\Tools\MSVC\14.41.34120\bin\HostX64\x64\Lib.exe /OUT:"C:\Users\OG\source\repos\Server_A\Libraries\Libs\ServerCore\Debug\ServerCore.lib" /NOLOGO /MACHINE:X64 x64\Debug\Allocator.obj
         x64\Debug\CoreGlobal.obj
         x64\Debug\CorePch.obj
         x64\Debug\CoreTLS.obj
         x64\Debug\DeadLockProfiler.obj
         x64\Debug\IocpCore.obj
         x64\Debug\IocpEvent.obj
         x64\Debug\Listener.obj
         x64\Debug\Lock.obj
         x64\Debug\Memory.obj
         x64\Debug\MemoryPool.obj
         x64\Debug\NetAddress.obj
         x64\Debug\pch.obj
         x64\Debug\RecvBuffer.obj
         x64\Debug\SendBuffer.obj
         x64\Debug\Service.obj
         x64\Debug\Session.obj
         x64\Debug\SocketUtils.obj
         x64\Debug\ThreadManager.obj
         ServerCore.vcxproj -> C:\Users\OG\source\repos\Server_A\Libraries\Libs\ServerCore\Debug\ServerCore.lib
       FinalizeBuildStatus:
         "x64\Debug\ServerCore.tlog\unsuccessfulbuild" 파일을 삭제하고 있습니다.
         "x64\Debug\ServerCore.tlog\ServerCore.lastbuildstate"에 연결(touching)하고 있습니다.
     1>"C:\Users\OG\source\repos\Server_A\ServerCore\ServerCore.vcxproj" 프로젝트를 빌드했습니다(Build 대상).

빌드했습니다.

       "C:\Users\OG\source\repos\Server_A\ServerCore\ServerCore.vcxproj"(Build 대상)(1) ->
       (ClCompile 대상) -> 
         C:\Users\OG\source\repos\Server_A\ServerCore\Session.cpp(108,1): warning C4715: 'Session::RegisterConnect': 모든 제어 경로에서 값을 반환하지는 않습니다.

    경고 1개
    오류 0개

경과 시간: 00:00:00.86
